{
  "stats": {
    "suites": 1,
    "tests": 1,
    "passes": 1,
    "pending": 1,
    "failures": -1,
    "start": "2023-07-18T07:33:53.962Z",
    "end": "2023-07-18T07:34:02.879Z",
    "duration": 8917,
    "testsRegistered": 2,
    "passPercent": 100,
    "pendingPercent": 50,
    "other": 1,
    "hasOther": true,
    "skipped": 0,
    "hasSkipped": false
  },
  "results": [
    {
      "uuid": "223fdc40-552d-480e-a97a-c9c1b8707b18",
      "title": "",
      "fullFile": "cypress\\e2e\\test_scripts\\loginpage.cy.js",
      "file": "cypress\\e2e\\test_scripts\\loginpage.cy.js",
      "beforeHooks": [],
      "afterHooks": [],
      "tests": [],
      "suites": [
        {
          "uuid": "581f4a72-f6ac-4c37-915e-207444fbb4cd",
          "title": "Login Page Test",
          "fullFile": "",
          "file": "",
          "beforeHooks": [],
          "afterHooks": [],
          "tests": [
            {
              "title": "Verify Login successful",
              "fullTitle": "Login Page Test Verify Login successful",
              "timedOut": null,
              "duration": 0,
              "state": "pending",
              "speed": null,
              "pass": false,
              "fail": false,
              "pending": true,
              "context": "{\n  \"title\": \"cypress-mochawesome-reporter-videos-pending\",\n  \"value\": \"cypress\\\\e2e\\\\test_scripts\\\\loginpage.cy.js\"\n}",
              "code": "lp.getEmail().type(loginData.adminUsername);\nlp.getPassword().type(loginData.password);\nlp.getLoginBtn().click();\nhp.getProfilePicture().should('be.visible');\nhp.getProfileName().then($el => {\n  const profileText = $el.text().trim();\n  expect(profileText).to.equal(loginData.adminProfileText);\n});",
              "err": {},
              "uuid": "aec698d3-14fe-4882-b989-8982101b40d8",
              "parentUUID": "581f4a72-f6ac-4c37-915e-207444fbb4cd",
              "isHook": false,
              "skipped": false
            },
            {
              "title": "TC01_LoginWithIncorrectCredsAndVerifyErrorMsg",
              "fullTitle": "Login Page Test TC01_LoginWithIncorrectCredsAndVerifyErrorMsg",
              "timedOut": null,
              "duration": 6163,
              "state": "passed",
              "speed": "medium",
              "pass": true,
              "fail": false,
              "pending": false,
              "context": "{\n  \"title\": \"cypress-mochawesome-reporter-videos-passed\",\n  \"value\": \"cypress\\\\e2e\\\\test_scripts\\\\loginpage.cy.js\"\n}",
              "code": "lp.getEmail().type(loginData.adminUsername);\nlp.getPassword().type(loginData.invalidPass);\nlp.getLoginBtn().click();\nlp.getLoginErrorMsg().should('have.text', loginData.loginErrorMsg);",
              "err": {},
              "uuid": "55880fe4-ef98-46eb-a62a-bd3065b1b947",
              "parentUUID": "581f4a72-f6ac-4c37-915e-207444fbb4cd",
              "isHook": false,
              "skipped": false
            }
          ],
          "suites": [],
          "passes": [
            "55880fe4-ef98-46eb-a62a-bd3065b1b947"
          ],
          "failures": [],
          "pending": [
            "aec698d3-14fe-4882-b989-8982101b40d8"
          ],
          "skipped": [],
          "duration": 6163,
          "root": false,
          "rootEmpty": false,
          "_timeout": 2000
        }
      ],
      "passes": [],
      "failures": [],
      "pending": [],
      "skipped": [],
      "duration": 0,
      "root": true,
      "rootEmpty": true,
      "_timeout": 2000
    }
  ],
  "meta": {
    "mocha": {
      "version": "7.0.1"
    },
    "mochawesome": {
      "options": {
        "quiet": false,
        "reportFilename": "mochawesome",
        "saveHtml": true,
        "saveJson": true,
        "consoleReporter": "spec",
        "useInlineDiffs": false,
        "code": true
      },
      "version": "7.1.3"
    },
    "marge": {
      "options": null,
      "version": "6.2.0"
    }
  }
}